2025-07-01T10:50:28.456+02:00  INFO 7396 --- [restartedMain] org.example.VideoServiceApplication      : Starting VideoServiceApplication using Java 21.0.7 with PID 7396 (/Users/andrshv/IdeaProjects/YouTubeLightProject/target/classes started by andrshv in /Users/andrshv/IdeaProjects/YouTubeLightProject)
2025-07-01T10:50:28.459+02:00  INFO 7396 --- [restartedMain] org.example.VideoServiceApplication      : The following 1 profile is active: "dev"
2025-07-01T10:50:28.476+02:00  INFO 7396 --- [restartedMain] .e.DevToolsPropertyDefaultsPostProcessor : Devtools property defaults active! Set 'spring.devtools.add-properties' to 'false' to disable
2025-07-01T10:50:28.476+02:00  INFO 7396 --- [restartedMain] .e.DevToolsPropertyDefaultsPostProcessor : For additional web related logging consider setting the 'logging.level.web' property to 'DEBUG'
2025-07-01T10:50:28.683+02:00  INFO 7396 --- [restartedMain] .s.d.r.c.RepositoryConfigurationDelegate : Bootstrapping Spring Data JPA repositories in DEFAULT mode.
2025-07-01T10:50:28.726+02:00  INFO 7396 --- [restartedMain] .s.d.r.c.RepositoryConfigurationDelegate : Finished Spring Data repository scanning in 40 ms. Found 1 JPA repository interfaces.
2025-07-01T10:50:28.763+02:00  INFO 7396 --- [restartedMain] faultConfiguringBeanFactoryPostProcessor : No bean named 'errorChannel' has been explicitly defined. Therefore, a default PublishSubscribeChannel will be created.
2025-07-01T10:50:28.765+02:00  INFO 7396 --- [restartedMain] faultConfiguringBeanFactoryPostProcessor : No bean named 'integrationHeaderChannelRegistry' has been explicitly defined. Therefore, a default DefaultHeaderChannelRegistry will be created.
2025-07-01T10:50:28.967+02:00  INFO 7396 --- [restartedMain] o.s.b.w.embedded.tomcat.TomcatWebServer  : Tomcat initialized with port(s): 8001 (http)
2025-07-01T10:50:28.971+02:00  INFO 7396 --- [restartedMain] o.apache.catalina.core.StandardService   : Starting service [Tomcat]
2025-07-01T10:50:28.971+02:00  INFO 7396 --- [restartedMain] o.apache.catalina.core.StandardEngine    : Starting Servlet engine: [Apache Tomcat/10.1.13]
2025-07-01T10:50:28.988+02:00  INFO 7396 --- [restartedMain] o.a.c.c.C.[Tomcat].[localhost].[/]       : Initializing Spring embedded WebApplicationContext
2025-07-01T10:50:28.989+02:00  INFO 7396 --- [restartedMain] w.s.c.ServletWebServerApplicationContext : Root WebApplicationContext: initialization completed in 512 ms
2025-07-01T10:50:29.043+02:00  INFO 7396 --- [restartedMain] o.hibernate.jpa.internal.util.LogHelper  : HHH000204: Processing PersistenceUnitInfo [name: default]
2025-07-01T10:50:29.055+02:00  INFO 7396 --- [restartedMain] org.hibernate.Version                    : HHH000412: Hibernate ORM core version 6.2.9.Final
2025-07-01T10:50:29.056+02:00  INFO 7396 --- [restartedMain] org.hibernate.cfg.Environment            : HHH000406: Using bytecode reflection optimizer
2025-07-01T10:50:29.095+02:00  INFO 7396 --- [restartedMain] o.h.b.i.BytecodeProviderInitiator        : HHH000021: Bytecode provider name : bytebuddy
2025-07-01T10:50:29.128+02:00  INFO 7396 --- [restartedMain] o.s.o.j.p.SpringPersistenceUnitInfo      : No LoadTimeWeaver setup: ignoring JPA class transformer
2025-07-01T10:50:29.133+02:00  INFO 7396 --- [restartedMain] com.zaxxer.hikari.HikariDataSource       : HikariPool-1 - Starting...
2025-07-01T10:50:29.184+02:00  INFO 7396 --- [restartedMain] com.zaxxer.hikari.pool.HikariPool        : HikariPool-1 - Added connection com.mysql.cj.jdbc.ConnectionImpl@53c11e28
2025-07-01T10:50:29.185+02:00  INFO 7396 --- [restartedMain] com.zaxxer.hikari.HikariDataSource       : HikariPool-1 - Start completed.
2025-07-01T10:50:29.273+02:00  INFO 7396 --- [restartedMain] o.h.b.i.BytecodeProviderInitiator        : HHH000021: Bytecode provider name : bytebuddy
2025-07-01T10:50:29.461+02:00  INFO 7396 --- [restartedMain] o.h.e.t.j.p.i.JtaPlatformInitiator       : HHH000490: Using JtaPlatform implementation: [org.hibernate.engine.transaction.jta.platform.internal.NoJtaPlatform]
2025-07-01T10:50:29.496+02:00  INFO 7396 --- [restartedMain] j.LocalContainerEntityManagerFactoryBean : Initialized JPA EntityManagerFactory for persistence unit 'default'
2025-07-01T10:50:29.659+02:00  WARN 7396 --- [restartedMain] JpaBaseConfiguration$JpaWebConfiguration : spring.jpa.open-in-view is enabled by default. Therefore, database queries may be performed during view rendering. Explicitly configure spring.jpa.open-in-view to disable this warning
2025-07-01T10:50:29.668+02:00 DEBUG 7396 --- [restartedMain] swordEncoderAuthenticationManagerBuilder : No authenticationProviders and no parentAuthenticationManager defined. Returning null.
2025-07-01T10:50:29.751+02:00  INFO 7396 --- [restartedMain] o.s.s.web.DefaultSecurityFilterChain     : Will secure any request with [org.springframework.security.web.session.DisableEncodeUrlFilter@7415b26b, org.springframework.security.web.context.request.async.WebAsyncManagerIntegrationFilter@344267b4, org.springframework.security.web.context.SecurityContextHolderFilter@4d2c446f, org.springframework.security.web.header.HeaderWriterFilter@74e55136, org.springframework.security.web.authentication.logout.LogoutFilter@1f31d1b0, org.example.jwt.JwtAuthFilter@6b7e930f, org.springframework.security.web.savedrequest.RequestCacheAwareFilter@1876717d, org.springframework.security.web.servletapi.SecurityContextHolderAwareRequestFilter@629c10f2, org.springframework.security.web.authentication.AnonymousAuthenticationFilter@601b362, org.springframework.security.web.session.SessionManagementFilter@384bcf94, org.springframework.security.web.access.ExceptionTranslationFilter@32cd8290, org.springframework.security.web.access.intercept.AuthorizationFilter@5eb3d481]
2025-07-01T10:50:29.828+02:00  INFO 7396 --- [restartedMain] o.s.b.d.a.OptionalLiveReloadServer       : LiveReload server is running on port 35729
2025-07-01T10:50:29.866+02:00  INFO 7396 --- [restartedMain] o.s.i.endpoint.EventDrivenConsumer       : Adding {logging-channel-adapter:_org.springframework.integration.errorLogger} as a subscriber to the 'errorChannel' channel
2025-07-01T10:50:29.866+02:00  INFO 7396 --- [restartedMain] o.s.i.channel.PublishSubscribeChannel    : Channel 'application.errorChannel' has 1 subscriber(s).
2025-07-01T10:50:29.866+02:00  INFO 7396 --- [restartedMain] o.s.i.endpoint.EventDrivenConsumer       : started bean '_org.springframework.integration.errorLogger'
2025-07-01T10:50:29.871+02:00  INFO 7396 --- [restartedMain] o.s.b.w.embedded.tomcat.TomcatWebServer  : Tomcat started on port(s): 8001 (http) with context path ''
2025-07-01T10:50:29.873+02:00  INFO 7396 --- [restartedMain] o.s.a.r.c.CachingConnectionFactory       : Attempting to connect to: localhost:5672
2025-07-01T10:50:29.890+02:00  INFO 7396 --- [restartedMain] o.s.a.r.c.CachingConnectionFactory       : Created new connection: ConnectionFactory#298ba77f:0/SimpleConnection@237d6b1c [delegate=amqp://guest@127.0.0.1:5672/, localPort=50407]
2025-07-01T10:50:29.930+02:00  INFO 7396 --- [restartedMain] org.example.VideoServiceApplication      : Started VideoServiceApplication in 1.602 seconds (process running for 1.772)
2025-07-01T10:50:29.943+02:00  INFO 7396 --- [org.springframework.amqp.rabbit.RabbitListenerEndpointContainer#1-1] o.e.consumers.PollAndVoteEventListener   : 📊 New poll created: videoId=6849fb99-0be3-4e34-8938-48bf5efa435a, pollId=bd81ca58-0e66-41c8-bf84-4848def7f76e, question='What is your favorite programming language?'
2025-07-01T10:50:29.977+02:00  INFO 7396 --- [org.springframework.amqp.rabbit.RabbitListenerEndpointContainer#1-1] o.e.consumers.PollAndVoteEventListener   : ✅ Updated video 6849fb99-0be3-4e34-8938-48bf5efa435a with new poll: [FAILED toString()]
2025-07-01T10:52:21.670+02:00  INFO 7396 --- [org.springframework.amqp.rabbit.RabbitListenerEndpointContainer#0-2] o.s.a.r.l.SimpleMessageListenerContainer : Waiting for workers to finish.
2025-07-01T10:52:21.671+02:00  INFO 7396 --- [org.springframework.amqp.rabbit.RabbitListenerEndpointContainer#1-2] o.s.a.r.l.SimpleMessageListenerContainer : Waiting for workers to finish.
2025-07-01T10:52:21.671+02:00  INFO 7396 --- [org.springframework.amqp.rabbit.RabbitListenerEndpointContainer#2-2] o.s.a.r.l.SimpleMessageListenerContainer : Waiting for workers to finish.
2025-07-01T10:52:21.672+02:00  INFO 7396 --- [org.springframework.amqp.rabbit.RabbitListenerEndpointContainer#3-2] o.s.a.r.l.SimpleMessageListenerContainer : Waiting for workers to finish.
2025-07-01T10:52:22.288+02:00  INFO 7396 --- [org.springframework.amqp.rabbit.RabbitListenerEndpointContainer#2-2] o.s.a.r.l.SimpleMessageListenerContainer : Successfully waited for workers to finish.
2025-07-01T10:52:22.297+02:00  INFO 7396 --- [org.springframework.amqp.rabbit.RabbitListenerEndpointContainer#3-2] o.s.a.r.l.SimpleMessageListenerContainer : Successfully waited for workers to finish.
2025-07-01T10:52:22.297+02:00  INFO 7396 --- [org.springframework.amqp.rabbit.RabbitListenerEndpointContainer#0-2] o.s.a.r.l.SimpleMessageListenerContainer : Successfully waited for workers to finish.
2025-07-01T10:52:22.338+02:00  INFO 7396 --- [org.springframework.amqp.rabbit.RabbitListenerEndpointContainer#1-2] o.s.a.r.l.SimpleMessageListenerContainer : Successfully waited for workers to finish.
2025-07-01T10:52:22.351+02:00  INFO 7396 --- [SpringApplicationShutdownHook] o.s.i.endpoint.EventDrivenConsumer       : Removing {logging-channel-adapter:_org.springframework.integration.errorLogger} as a subscriber to the 'errorChannel' channel
2025-07-01T10:52:22.352+02:00  INFO 7396 --- [SpringApplicationShutdownHook] o.s.i.channel.PublishSubscribeChannel    : Channel 'application.errorChannel' has 0 subscriber(s).
2025-07-01T10:52:22.352+02:00  INFO 7396 --- [SpringApplicationShutdownHook] o.s.i.endpoint.EventDrivenConsumer       : stopped bean '_org.springframework.integration.errorLogger'
2025-07-01T10:52:22.354+02:00  INFO 7396 --- [SpringApplicationShutdownHook] j.LocalContainerEntityManagerFactoryBean : Closing JPA EntityManagerFactory for persistence unit 'default'
2025-07-01T10:52:22.356+02:00  INFO 7396 --- [SpringApplicationShutdownHook] com.zaxxer.hikari.HikariDataSource       : HikariPool-1 - Shutdown initiated...
2025-07-01T10:52:22.359+02:00  INFO 7396 --- [SpringApplicationShutdownHook] com.zaxxer.hikari.HikariDataSource       : HikariPool-1 - Shutdown completed.
